<?xml version="1.0" encoding="UTF-8"?>
<!-- Generated by org.testng.reporters.JUnitReportReporter -->
<testsuite skipped="0" hostname="lisahoo-WX-1" name="com.JavaPracticeSessions.TestNGDemo" tests="1" failures="0" timestamp="11 Feb 2019 07:17:10 GMT" time="0.020" errors="0">
  <testcase name="Hello2Test" time="0.020" classname="com.JavaPracticeSessions.TestNGDemo"/>
</testsuite> <!-- com.JavaPracticeSessions.TestNGDemo -->
